@   0 :           : lui 1,3
@   1 :           : addi 1,1,63
@   2 :           : lui 2,3
@   3 :           : addi 2,2,63
@   4 :           : sw		1,0,0
@   5 :           : sw		2,0,1
@   6 :           : addi	5,0,1
label : multiply @7
@   7 : multiply  : beq	5,0,end
@   8 :           : nand	2,2,5
@   9 :           : nand	2,2,2
@  10 :           : beq	2,0,next
@  11 :           : addi	6,0,1
@  12 :           : add		2,0,0
label : shift @13
@  13 : shift     : beq	6,5,end_shift
@  14 :           : sw	5,0,10
@  15 :           : lui	7,32768
@  16 :           : nand	5,1,7
@  17 :           : nand	5,5,5
@  18 :           : add	1,1,1
@  19 :           : add	2,2,2
@  20 :           : beq	5,7,exp_carry
@  21 :           : beq	0,0,exp_no_carry
label : exp_carry @22
@  22 : exp_carry : addi	2,2,1
label : exp_no_carry @23
@  23 : exp_no_carry: lw	5,0,10
@  24 :           : add	6,6,6
@  25 :           : beq	0,0,shift
label : end_shift @26
@  26 : end_shift : sw	6,0,2
@  27 :           : add	4,4,2
@  28 :           : add	2,0,3
@  29 :           : add	3,0,0
@  30 :           : addi	6,0,40
@  31 :           : jalr	7,6
label : next @32
@  32 : next      : lw	1,0,0
@  33 :           : lw	2,0,1
@  34 :           : lw	6,0,2
@  35 :           : add	5,5,5
@  36 :           : beq	0,0,multiply
label : end @37
@  37 : end       : add	6,0,0
@  38 :           : add	7,0,0
@  39 :           : halt
label : add_with_carry @40
@  40 : add_with_carry: add	3,1,2
@  41 :           : sw	5,0,20
@  42 :           : sw	6,0,21
@  43 :           : sw	7,0,22
@  44 :           : sw	4,0,23
@  45 :           : lui 7,512
@  46 :           : addi 7,7,0
@  47 :           : nand	6,1,7
@  48 :           : nand	6,6,6
@  49 :           : nand	5,2,7
@  50 :           : nand	5,5,5
@  51 :           : nand	4,6,5
@  52 :           : nand	4,4,4
@  53 :           : beq	4,7,carry
@  54 :           : add	4,0,6
@  55 :           : nand	6,3,7
@  56 :           : nand	6,6,6
@  57 :           : beq	6,7,no_carry
@  58 :           : beq	4,7,carry
@  59 :           : beq	5,7,carry
@  60 :           : beq	0,0,no_carry
label : carry @61
@  61 : carry     : lw	4,0,23
@  62 :           : addi	4,4,1
@  63 :           : beq	0,0,end_carry
label : no_carry @64
@  64 : no_carry  : lw	4,0,23
label : end_carry @65
@  65 : end_carry : lw	5,0,20
@  66 :           : lw	6,0,21
@  67 :           : lw	7,0,22
@  68 :           : jalr	0,7
Instructions :  68
{'exp_no_carry': 23, 'end_shift': 26, 'end': 37, 'no_carry': 64, 'shift': 13, 'next': 32, 'carry': 61, 'exp_carry': 22, 'end_carry': 65, 'multiply': 7, 'add_with_carry': 40}
pseudo-shift_multiply.txt
Instructions 0 to 3 changed to 'nop', let's test...
error, immediate too big@ 15 32768
error, immediate too big@ 15 32768
error, immediate too big@ 15 32768
error, immediate too big@ 15 32768
error, immediate too big@ 15 32768
error, immediate too big@ 15 32768
error, immediate too big@ 15 32768
error, immediate too big@ 15 32768
error, immediate too big@ 15 32768
error, immediate too big@ 15 32768
error, immediate too big@ 15 32768
error, immediate too big@ 15 32768
error, immediate too big@ 15 32768
error, immediate too big@ 15 32768
error, immediate too big@ 15 32768
error, immediate too big@ 15 32768
error, immediate too big@ 15 32768
error, immediate too big@ 15 32768
error, immediate too big@ 15 32768
error, immediate too big@ 15 32768
error, immediate too big@ 15 32768
error, immediate too big@ 15 32768
error, immediate too big@ 15 32768
error, immediate too big@ 15 32768
error, immediate too big@ 15 32768
error, immediate too big@ 15 32768
error, immediate too big@ 15 32768
error, immediate too big@ 15 32768
0x0000 x 0x00ff!=0x00000000(=0x00f70000), FAILED!!! 	(instr=     762)
0x00ff x 0x0000 =0x00000000, passed	(instr=     154)
error, immediate too big@ 15 32768
error, immediate too big@ 15 32768
error, immediate too big@ 15 32768
0x7fff x 0x0007!=0x00037ff9(=0x00060000), FAILED!!! 	(instr=     292)
error, immediate too big@ 15 32768
error, immediate too big@ 15 32768
error, immediate too big@ 15 32768
0xffff x 0x0007!=0x0006fff9(=0x00070000), FAILED!!! 	(instr=     292)
error, immediate too big@ 15 32768
error, immediate too big@ 15 32768
error, immediate too big@ 15 32768
error, immediate too big@ 15 32768
error, immediate too big@ 15 32768
error, immediate too big@ 15 32768
error, immediate too big@ 15 32768
error, immediate too big@ 15 32768
error, immediate too big@ 15 32768
error, immediate too big@ 15 32768
error, immediate too big@ 15 32768
error, immediate too big@ 15 32768
error, immediate too big@ 15 32768
error, immediate too big@ 15 32768
error, immediate too big@ 15 32768
error, immediate too big@ 15 32768
error, immediate too big@ 15 32768
error, immediate too big@ 15 32768
error, immediate too big@ 15 32768
error, immediate too big@ 15 32768
error, immediate too big@ 15 32768
error, immediate too big@ 15 32768
error, immediate too big@ 15 32768
error, immediate too big@ 15 32768
error, immediate too big@ 15 32768
error, immediate too big@ 15 32768
error, immediate too big@ 15 32768
error, immediate too big@ 15 32768
error, immediate too big@ 15 32768
error, immediate too big@ 15 32768
error, immediate too big@ 15 32768
error, immediate too big@ 15 32768
error, immediate too big@ 15 32768
error, immediate too big@ 15 32768
error, immediate too big@ 15 32768
error, immediate too big@ 15 32768
error, immediate too big@ 15 32768
error, immediate too big@ 15 32768
error, immediate too big@ 15 32768
error, immediate too big@ 15 32768
error, immediate too big@ 15 32768
error, immediate too big@ 15 32768
error, immediate too big@ 15 32768
error, immediate too big@ 15 32768
error, immediate too big@ 15 32768
error, immediate too big@ 15 32768
error, immediate too big@ 15 32768
error, immediate too big@ 15 32768
0xa060 x 0x88dc!=0x55bcd280(=0x88d60000), FAILED!!! 	(instr=     968)
0x0001 x 0x0001!=0x00000001(=0x00000000), FAILED!!! 	(instr=     188)
error, immediate too big@ 15 32768
0x0003 x 0x0003!=0x00000009(=0x00010000), FAILED!!! 	(instr=     234)
error, immediate too big@ 15 32768
error, immediate too big@ 15 32768
error, immediate too big@ 15 32768
0x0007 x 0x0007!=0x00000031(=0x00040000), FAILED!!! 	(instr=     292)
error, immediate too big@ 15 32768
error, immediate too big@ 15 32768
error, immediate too big@ 15 32768
error, immediate too big@ 15 32768
error, immediate too big@ 15 32768
error, immediate too big@ 15 32768
0x000f x 0x000f!=0x000000e1(=0x000b0000), FAILED!!! 	(instr=     362)
error, immediate too big@ 15 32768
error, immediate too big@ 15 32768
error, immediate too big@ 15 32768
error, immediate too big@ 15 32768
error, immediate too big@ 15 32768
error, immediate too big@ 15 32768
error, immediate too big@ 15 32768
error, immediate too big@ 15 32768
error, immediate too big@ 15 32768
error, immediate too big@ 15 32768
0x001f x 0x001f!=0x000003c1(=0x001a0000), FAILED!!! 	(instr=     444)
error, immediate too big@ 15 32768
error, immediate too big@ 15 32768
error, immediate too big@ 15 32768
error, immediate too big@ 15 32768
error, immediate too big@ 15 32768
error, immediate too big@ 15 32768
error, immediate too big@ 15 32768
error, immediate too big@ 15 32768
error, immediate too big@ 15 32768
error, immediate too big@ 15 32768
error, immediate too big@ 15 32768
error, immediate too big@ 15 32768
error, immediate too big@ 15 32768
error, immediate too big@ 15 32768
error, immediate too big@ 15 32768
0x003f x 0x003f!=0x00000f81(=0x00390000), FAILED!!! 	(instr=     538)
error, immediate too big@ 15 32768
error, immediate too big@ 15 32768
error, immediate too big@ 15 32768
error, immediate too big@ 15 32768
error, immediate too big@ 15 32768
error, immediate too big@ 15 32768
error, immediate too big@ 15 32768
error, immediate too big@ 15 32768
error, immediate too big@ 15 32768
error, immediate too big@ 15 32768
error, immediate too big@ 15 32768
error, immediate too big@ 15 32768
error, immediate too big@ 15 32768
error, immediate too big@ 15 32768
error, immediate too big@ 15 32768
error, immediate too big@ 15 32768
error, immediate too big@ 15 32768
error, immediate too big@ 15 32768
error, immediate too big@ 15 32768
error, immediate too big@ 15 32768
error, immediate too big@ 15 32768
0x007f x 0x007f!=0x00003f01(=0x00780000), FAILED!!! 	(instr=     644)
error, immediate too big@ 15 32768
error, immediate too big@ 15 32768
error, immediate too big@ 15 32768
error, immediate too big@ 15 32768
error, immediate too big@ 15 32768
error, immediate too big@ 15 32768
error, immediate too big@ 15 32768
error, immediate too big@ 15 32768
error, immediate too big@ 15 32768
error, immediate too big@ 15 32768
error, immediate too big@ 15 32768
error, immediate too big@ 15 32768
error, immediate too big@ 15 32768
error, immediate too big@ 15 32768
error, immediate too big@ 15 32768
error, immediate too big@ 15 32768
error, immediate too big@ 15 32768
error, immediate too big@ 15 32768
error, immediate too big@ 15 32768
error, immediate too big@ 15 32768
error, immediate too big@ 15 32768
error, immediate too big@ 15 32768
error, immediate too big@ 15 32768
error, immediate too big@ 15 32768
error, immediate too big@ 15 32768
error, immediate too big@ 15 32768
error, immediate too big@ 15 32768
error, immediate too big@ 15 32768
0x00ff x 0x00ff!=0x0000fe01(=0x00f70000), FAILED!!! 	(instr=     762)
error, immediate too big@ 15 32768
error, immediate too big@ 15 32768
error, immediate too big@ 15 32768
error, immediate too big@ 15 32768
error, immediate too big@ 15 32768
error, immediate too big@ 15 32768
error, immediate too big@ 15 32768
error, immediate too big@ 15 32768
error, immediate too big@ 15 32768
error, immediate too big@ 15 32768
error, immediate too big@ 15 32768
error, immediate too big@ 15 32768
error, immediate too big@ 15 32768
error, immediate too big@ 15 32768
error, immediate too big@ 15 32768
error, immediate too big@ 15 32768
error, immediate too big@ 15 32768
error, immediate too big@ 15 32768
error, immediate too big@ 15 32768
error, immediate too big@ 15 32768
error, immediate too big@ 15 32768
error, immediate too big@ 15 32768
error, immediate too big@ 15 32768
error, immediate too big@ 15 32768
error, immediate too big@ 15 32768
error, immediate too big@ 15 32768
error, immediate too big@ 15 32768
error, immediate too big@ 15 32768
error, immediate too big@ 15 32768
error, immediate too big@ 15 32768
error, immediate too big@ 15 32768
error, immediate too big@ 15 32768
error, immediate too big@ 15 32768
error, immediate too big@ 15 32768
error, immediate too big@ 15 32768
error, immediate too big@ 15 32768
0x01ff x 0x01ff!=0x0003fc01(=0x01f80000), FAILED!!! 	(instr=     892)
error, immediate too big@ 15 32768
error, immediate too big@ 15 32768
error, immediate too big@ 15 32768
error, immediate too big@ 15 32768
error, immediate too big@ 15 32768
error, immediate too big@ 15 32768
error, immediate too big@ 15 32768
error, immediate too big@ 15 32768
error, immediate too big@ 15 32768
error, immediate too big@ 15 32768
error, immediate too big@ 15 32768
error, immediate too big@ 15 32768
error, immediate too big@ 15 32768
error, immediate too big@ 15 32768
error, immediate too big@ 15 32768
error, immediate too big@ 15 32768
error, immediate too big@ 15 32768
error, immediate too big@ 15 32768
error, immediate too big@ 15 32768
error, immediate too big@ 15 32768
error, immediate too big@ 15 32768
error, immediate too big@ 15 32768
error, immediate too big@ 15 32768
error, immediate too big@ 15 32768
error, immediate too big@ 15 32768
error, immediate too big@ 15 32768
error, immediate too big@ 15 32768
error, immediate too big@ 15 32768
error, immediate too big@ 15 32768
error, immediate too big@ 15 32768
error, immediate too big@ 15 32768
error, immediate too big@ 15 32768
error, immediate too big@ 15 32768
error, immediate too big@ 15 32768
error, immediate too big@ 15 32768
error, immediate too big@ 15 32768
error, immediate too big@ 15 32768
error, immediate too big@ 15 32768
error, immediate too big@ 15 32768
error, immediate too big@ 15 32768
error, immediate too big@ 15 32768
error, immediate too big@ 15 32768
error, immediate too big@ 15 32768
error, immediate too big@ 15 32768
error, immediate too big@ 15 32768
0x03ff x 0x03ff!=0x000ff801(=0x03f90000), FAILED!!! 	(instr=    1034)
error, immediate too big@ 15 32768
error, immediate too big@ 15 32768
error, immediate too big@ 15 32768
error, immediate too big@ 15 32768
error, immediate too big@ 15 32768
error, immediate too big@ 15 32768
error, immediate too big@ 15 32768
error, immediate too big@ 15 32768
error, immediate too big@ 15 32768
error, immediate too big@ 15 32768
error, immediate too big@ 15 32768
error, immediate too big@ 15 32768
error, immediate too big@ 15 32768
error, immediate too big@ 15 32768
error, immediate too big@ 15 32768
error, immediate too big@ 15 32768
error, immediate too big@ 15 32768
error, immediate too big@ 15 32768
error, immediate too big@ 15 32768
error, immediate too big@ 15 32768
error, immediate too big@ 15 32768
error, immediate too big@ 15 32768
error, immediate too big@ 15 32768
error, immediate too big@ 15 32768
error, immediate too big@ 15 32768
error, immediate too big@ 15 32768
error, immediate too big@ 15 32768
error, immediate too big@ 15 32768
error, immediate too big@ 15 32768
error, immediate too big@ 15 32768
error, immediate too big@ 15 32768
error, immediate too big@ 15 32768
error, immediate too big@ 15 32768
error, immediate too big@ 15 32768
error, immediate too big@ 15 32768
error, immediate too big@ 15 32768
error, immediate too big@ 15 32768
error, immediate too big@ 15 32768
error, immediate too big@ 15 32768
error, immediate too big@ 15 32768
error, immediate too big@ 15 32768
error, immediate too big@ 15 32768
error, immediate too big@ 15 32768
error, immediate too big@ 15 32768
error, immediate too big@ 15 32768
error, immediate too big@ 15 32768
error, immediate too big@ 15 32768
error, immediate too big@ 15 32768
error, immediate too big@ 15 32768
error, immediate too big@ 15 32768
error, immediate too big@ 15 32768
error, immediate too big@ 15 32768
error, immediate too big@ 15 32768
error, immediate too big@ 15 32768
error, immediate too big@ 15 32768
0x07ff x 0x07ff!=0x003ff001(=0x07fa0000), FAILED!!! 	(instr=    1188)
error, immediate too big@ 15 32768
error, immediate too big@ 15 32768
error, immediate too big@ 15 32768
error, immediate too big@ 15 32768
error, immediate too big@ 15 32768
error, immediate too big@ 15 32768
error, immediate too big@ 15 32768
error, immediate too big@ 15 32768
error, immediate too big@ 15 32768
error, immediate too big@ 15 32768
error, immediate too big@ 15 32768
error, immediate too big@ 15 32768
error, immediate too big@ 15 32768
error, immediate too big@ 15 32768
error, immediate too big@ 15 32768
error, immediate too big@ 15 32768
error, immediate too big@ 15 32768
error, immediate too big@ 15 32768
error, immediate too big@ 15 32768
error, immediate too big@ 15 32768
error, immediate too big@ 15 32768
error, immediate too big@ 15 32768
error, immediate too big@ 15 32768
error, immediate too big@ 15 32768
error, immediate too big@ 15 32768
error, immediate too big@ 15 32768
error, immediate too big@ 15 32768
error, immediate too big@ 15 32768
error, immediate too big@ 15 32768
error, immediate too big@ 15 32768
error, immediate too big@ 15 32768
error, immediate too big@ 15 32768
error, immediate too big@ 15 32768
error, immediate too big@ 15 32768
error, immediate too big@ 15 32768
error, immediate too big@ 15 32768
error, immediate too big@ 15 32768
error, immediate too big@ 15 32768
error, immediate too big@ 15 32768
error, immediate too big@ 15 32768
error, immediate too big@ 15 32768
error, immediate too big@ 15 32768
error, immediate too big@ 15 32768
error, immediate too big@ 15 32768
error, immediate too big@ 15 32768
error, immediate too big@ 15 32768
error, immediate too big@ 15 32768
error, immediate too big@ 15 32768
error, immediate too big@ 15 32768
error, immediate too big@ 15 32768
error, immediate too big@ 15 32768
error, immediate too big@ 15 32768
error, immediate too big@ 15 32768
error, immediate too big@ 15 32768
error, immediate too big@ 15 32768
error, immediate too big@ 15 32768
error, immediate too big@ 15 32768
error, immediate too big@ 15 32768
error, immediate too big@ 15 32768
error, immediate too big@ 15 32768
error, immediate too big@ 15 32768
error, immediate too big@ 15 32768
error, immediate too big@ 15 32768
error, immediate too big@ 15 32768
error, immediate too big@ 15 32768
error, immediate too big@ 15 32768
0x0fff x 0x0fff!=0x00ffe001(=0x0ffb0000), FAILED!!! 	(instr=    1354)
error, immediate too big@ 15 32768
error, immediate too big@ 15 32768
error, immediate too big@ 15 32768
error, immediate too big@ 15 32768
error, immediate too big@ 15 32768
error, immediate too big@ 15 32768
error, immediate too big@ 15 32768
error, immediate too big@ 15 32768
error, immediate too big@ 15 32768
error, immediate too big@ 15 32768
error, immediate too big@ 15 32768
error, immediate too big@ 15 32768
error, immediate too big@ 15 32768
error, immediate too big@ 15 32768
error, immediate too big@ 15 32768
error, immediate too big@ 15 32768
error, immediate too big@ 15 32768
error, immediate too big@ 15 32768
error, immediate too big@ 15 32768
error, immediate too big@ 15 32768
error, immediate too big@ 15 32768
error, immediate too big@ 15 32768
error, immediate too big@ 15 32768
error, immediate too big@ 15 32768
error, immediate too big@ 15 32768
error, immediate too big@ 15 32768
error, immediate too big@ 15 32768
error, immediate too big@ 15 32768
error, immediate too big@ 15 32768
error, immediate too big@ 15 32768
error, immediate too big@ 15 32768
error, immediate too big@ 15 32768
error, immediate too big@ 15 32768
error, immediate too big@ 15 32768
error, immediate too big@ 15 32768
error, immediate too big@ 15 32768
error, immediate too big@ 15 32768
error, immediate too big@ 15 32768
error, immediate too big@ 15 32768
error, immediate too big@ 15 32768
error, immediate too big@ 15 32768
error, immediate too big@ 15 32768
error, immediate too big@ 15 32768
error, immediate too big@ 15 32768
error, immediate too big@ 15 32768
error, immediate too big@ 15 32768
error, immediate too big@ 15 32768
error, immediate too big@ 15 32768
error, immediate too big@ 15 32768
error, immediate too big@ 15 32768
error, immediate too big@ 15 32768
error, immediate too big@ 15 32768
error, immediate too big@ 15 32768
error, immediate too big@ 15 32768
error, immediate too big@ 15 32768
error, immediate too big@ 15 32768
error, immediate too big@ 15 32768
error, immediate too big@ 15 32768
error, immediate too big@ 15 32768
error, immediate too big@ 15 32768
error, immediate too big@ 15 32768
error, immediate too big@ 15 32768
error, immediate too big@ 15 32768
error, immediate too big@ 15 32768
error, immediate too big@ 15 32768
error, immediate too big@ 15 32768
error, immediate too big@ 15 32768
error, immediate too big@ 15 32768
error, immediate too big@ 15 32768
error, immediate too big@ 15 32768
error, immediate too big@ 15 32768
error, immediate too big@ 15 32768
error, immediate too big@ 15 32768
error, immediate too big@ 15 32768
error, immediate too big@ 15 32768
error, immediate too big@ 15 32768
error, immediate too big@ 15 32768
error, immediate too big@ 15 32768
0x1fff x 0x1fff!=0x03ffc001(=0x1ffc0000), FAILED!!! 	(instr=    1532)
error, immediate too big@ 15 32768
error, immediate too big@ 15 32768
error, immediate too big@ 15 32768
error, immediate too big@ 15 32768
error, immediate too big@ 15 32768
error, immediate too big@ 15 32768
error, immediate too big@ 15 32768
error, immediate too big@ 15 32768
error, immediate too big@ 15 32768
error, immediate too big@ 15 32768
error, immediate too big@ 15 32768
error, immediate too big@ 15 32768
error, immediate too big@ 15 32768
error, immediate too big@ 15 32768
error, immediate too big@ 15 32768
error, immediate too big@ 15 32768
error, immediate too big@ 15 32768
error, immediate too big@ 15 32768
error, immediate too big@ 15 32768
error, immediate too big@ 15 32768
error, immediate too big@ 15 32768
error, immediate too big@ 15 32768
error, immediate too big@ 15 32768
error, immediate too big@ 15 32768
error, immediate too big@ 15 32768
error, immediate too big@ 15 32768
error, immediate too big@ 15 32768
error, immediate too big@ 15 32768
error, immediate too big@ 15 32768
error, immediate too big@ 15 32768
error, immediate too big@ 15 32768
error, immediate too big@ 15 32768
error, immediate too big@ 15 32768
error, immediate too big@ 15 32768
error, immediate too big@ 15 32768
error, immediate too big@ 15 32768
error, immediate too big@ 15 32768
error, immediate too big@ 15 32768
error, immediate too big@ 15 32768
error, immediate too big@ 15 32768
error, immediate too big@ 15 32768
error, immediate too big@ 15 32768
error, immediate too big@ 15 32768
error, immediate too big@ 15 32768
error, immediate too big@ 15 32768
error, immediate too big@ 15 32768
error, immediate too big@ 15 32768
error, immediate too big@ 15 32768
error, immediate too big@ 15 32768
error, immediate too big@ 15 32768
error, immediate too big@ 15 32768
error, immediate too big@ 15 32768
error, immediate too big@ 15 32768
error, immediate too big@ 15 32768
error, immediate too big@ 15 32768
error, immediate too big@ 15 32768
error, immediate too big@ 15 32768
error, immediate too big@ 15 32768
error, immediate too big@ 15 32768
error, immediate too big@ 15 32768
error, immediate too big@ 15 32768
error, immediate too big@ 15 32768
error, immediate too big@ 15 32768
error, immediate too big@ 15 32768
error, immediate too big@ 15 32768
error, immediate too big@ 15 32768
error, immediate too big@ 15 32768
error, immediate too big@ 15 32768
error, immediate too big@ 15 32768
error, immediate too big@ 15 32768
error, immediate too big@ 15 32768
error, immediate too big@ 15 32768
error, immediate too big@ 15 32768
error, immediate too big@ 15 32768
error, immediate too big@ 15 32768
error, immediate too big@ 15 32768
error, immediate too big@ 15 32768
error, immediate too big@ 15 32768
error, immediate too big@ 15 32768
error, immediate too big@ 15 32768
error, immediate too big@ 15 32768
error, immediate too big@ 15 32768
error, immediate too big@ 15 32768
error, immediate too big@ 15 32768
error, immediate too big@ 15 32768
error, immediate too big@ 15 32768
error, immediate too big@ 15 32768
error, immediate too big@ 15 32768
error, immediate too big@ 15 32768
error, immediate too big@ 15 32768
error, immediate too big@ 15 32768
0x3fff x 0x3fff!=0x0fff8001(=0x3ffd0000), FAILED!!! 	(instr=    1722)
error, immediate too big@ 15 32768
error, immediate too big@ 15 32768
error, immediate too big@ 15 32768
error, immediate too big@ 15 32768
error, immediate too big@ 15 32768
error, immediate too big@ 15 32768
error, immediate too big@ 15 32768
error, immediate too big@ 15 32768
error, immediate too big@ 15 32768
error, immediate too big@ 15 32768
error, immediate too big@ 15 32768
error, immediate too big@ 15 32768
error, immediate too big@ 15 32768
error, immediate too big@ 15 32768
error, immediate too big@ 15 32768
error, immediate too big@ 15 32768
error, immediate too big@ 15 32768
error, immediate too big@ 15 32768
error, immediate too big@ 15 32768
error, immediate too big@ 15 32768
error, immediate too big@ 15 32768
error, immediate too big@ 15 32768
error, immediate too big@ 15 32768
error, immediate too big@ 15 32768
error, immediate too big@ 15 32768
error, immediate too big@ 15 32768
error, immediate too big@ 15 32768
error, immediate too big@ 15 32768
error, immediate too big@ 15 32768
error, immediate too big@ 15 32768
error, immediate too big@ 15 32768
error, immediate too big@ 15 32768
error, immediate too big@ 15 32768
error, immediate too big@ 15 32768
error, immediate too big@ 15 32768
error, immediate too big@ 15 32768
error, immediate too big@ 15 32768
error, immediate too big@ 15 32768
error, immediate too big@ 15 32768
error, immediate too big@ 15 32768
error, immediate too big@ 15 32768
error, immediate too big@ 15 32768
error, immediate too big@ 15 32768
error, immediate too big@ 15 32768
error, immediate too big@ 15 32768
error, immediate too big@ 15 32768
error, immediate too big@ 15 32768
error, immediate too big@ 15 32768
error, immediate too big@ 15 32768
error, immediate too big@ 15 32768
error, immediate too big@ 15 32768
error, immediate too big@ 15 32768
error, immediate too big@ 15 32768
error, immediate too big@ 15 32768
error, immediate too big@ 15 32768
error, immediate too big@ 15 32768
error, immediate too big@ 15 32768
error, immediate too big@ 15 32768
error, immediate too big@ 15 32768
error, immediate too big@ 15 32768
error, immediate too big@ 15 32768
error, immediate too big@ 15 32768
error, immediate too big@ 15 32768
error, immediate too big@ 15 32768
error, immediate too big@ 15 32768
error, immediate too big@ 15 32768
error, immediate too big@ 15 32768
error, immediate too big@ 15 32768
error, immediate too big@ 15 32768
error, immediate too big@ 15 32768
error, immediate too big@ 15 32768
error, immediate too big@ 15 32768
error, immediate too big@ 15 32768
error, immediate too big@ 15 32768
error, immediate too big@ 15 32768
error, immediate too big@ 15 32768
error, immediate too big@ 15 32768
error, immediate too big@ 15 32768
error, immediate too big@ 15 32768
error, immediate too big@ 15 32768
error, immediate too big@ 15 32768
error, immediate too big@ 15 32768
error, immediate too big@ 15 32768
error, immediate too big@ 15 32768
error, immediate too big@ 15 32768
error, immediate too big@ 15 32768
error, immediate too big@ 15 32768
error, immediate too big@ 15 32768
error, immediate too big@ 15 32768
error, immediate too big@ 15 32768
error, immediate too big@ 15 32768
error, immediate too big@ 15 32768
error, immediate too big@ 15 32768
error, immediate too big@ 15 32768
error, immediate too big@ 15 32768
error, immediate too big@ 15 32768
error, immediate too big@ 15 32768
error, immediate too big@ 15 32768
error, immediate too big@ 15 32768
error, immediate too big@ 15 32768
error, immediate too big@ 15 32768
error, immediate too big@ 15 32768
error, immediate too big@ 15 32768
error, immediate too big@ 15 32768
error, immediate too big@ 15 32768
0x7fff x 0x7fff!=0x3fff0001(=0x7ffe0000), FAILED!!! 	(instr=    1924)
error, immediate too big@ 15 32768
error, immediate too big@ 15 32768
error, immediate too big@ 15 32768
error, immediate too big@ 15 32768
error, immediate too big@ 15 32768
error, immediate too big@ 15 32768
error, immediate too big@ 15 32768
error, immediate too big@ 15 32768
error, immediate too big@ 15 32768
error, immediate too big@ 15 32768
error, immediate too big@ 15 32768
error, immediate too big@ 15 32768
error, immediate too big@ 15 32768
error, immediate too big@ 15 32768
error, immediate too big@ 15 32768
error, immediate too big@ 15 32768
error, immediate too big@ 15 32768
error, immediate too big@ 15 32768
error, immediate too big@ 15 32768
error, immediate too big@ 15 32768
error, immediate too big@ 15 32768
error, immediate too big@ 15 32768
error, immediate too big@ 15 32768
error, immediate too big@ 15 32768
error, immediate too big@ 15 32768
error, immediate too big@ 15 32768
error, immediate too big@ 15 32768
error, immediate too big@ 15 32768
error, immediate too big@ 15 32768
error, immediate too big@ 15 32768
error, immediate too big@ 15 32768
error, immediate too big@ 15 32768
error, immediate too big@ 15 32768
error, immediate too big@ 15 32768
error, immediate too big@ 15 32768
error, immediate too big@ 15 32768
error, immediate too big@ 15 32768
error, immediate too big@ 15 32768
error, immediate too big@ 15 32768
error, immediate too big@ 15 32768
error, immediate too big@ 15 32768
error, immediate too big@ 15 32768
error, immediate too big@ 15 32768
error, immediate too big@ 15 32768
error, immediate too big@ 15 32768
error, immediate too big@ 15 32768
error, immediate too big@ 15 32768
error, immediate too big@ 15 32768
error, immediate too big@ 15 32768
error, immediate too big@ 15 32768
error, immediate too big@ 15 32768
error, immediate too big@ 15 32768
error, immediate too big@ 15 32768
error, immediate too big@ 15 32768
error, immediate too big@ 15 32768
error, immediate too big@ 15 32768
error, immediate too big@ 15 32768
error, immediate too big@ 15 32768
error, immediate too big@ 15 32768
error, immediate too big@ 15 32768
error, immediate too big@ 15 32768
error, immediate too big@ 15 32768
error, immediate too big@ 15 32768
error, immediate too big@ 15 32768
error, immediate too big@ 15 32768
error, immediate too big@ 15 32768
error, immediate too big@ 15 32768
error, immediate too big@ 15 32768
error, immediate too big@ 15 32768
error, immediate too big@ 15 32768
error, immediate too big@ 15 32768
error, immediate too big@ 15 32768
error, immediate too big@ 15 32768
error, immediate too big@ 15 32768
error, immediate too big@ 15 32768
error, immediate too big@ 15 32768
error, immediate too big@ 15 32768
error, immediate too big@ 15 32768
error, immediate too big@ 15 32768
error, immediate too big@ 15 32768
error, immediate too big@ 15 32768
error, immediate too big@ 15 32768
error, immediate too big@ 15 32768
error, immediate too big@ 15 32768
error, immediate too big@ 15 32768
error, immediate too big@ 15 32768
error, immediate too big@ 15 32768
error, immediate too big@ 15 32768
error, immediate too big@ 15 32768
error, immediate too big@ 15 32768
error, immediate too big@ 15 32768
error, immediate too big@ 15 32768
error, immediate too big@ 15 32768
error, immediate too big@ 15 32768
error, immediate too big@ 15 32768
error, immediate too big@ 15 32768
error, immediate too big@ 15 32768
error, immediate too big@ 15 32768
error, immediate too big@ 15 32768
error, immediate too big@ 15 32768
error, immediate too big@ 15 32768
error, immediate too big@ 15 32768
error, immediate too big@ 15 32768
error, immediate too big@ 15 32768
error, immediate too big@ 15 32768
error, immediate too big@ 15 32768
error, immediate too big@ 15 32768
error, immediate too big@ 15 32768
error, immediate too big@ 15 32768
error, immediate too big@ 15 32768
error, immediate too big@ 15 32768
error, immediate too big@ 15 32768
error, immediate too big@ 15 32768
error, immediate too big@ 15 32768
error, immediate too big@ 15 32768
error, immediate too big@ 15 32768
error, immediate too big@ 15 32768
error, immediate too big@ 15 32768
error, immediate too big@ 15 32768
error, immediate too big@ 15 32768
0xffff x 0xffff!=0xfffe0001(=0xffff0000), FAILED!!! 	(instr=    2138)
Tests : 21,   1 passed => 4.8% passed
Argument size : 0 bits
